<?xml version="1.0" encoding="UTF-8"?>
<!-- Generated by org.testng.reporters.JUnitXMLReporter -->
<testsuite ignored="0" hostname="LAPTOP-M2DO8JV9" failures="0" tests="7" name="Default test" time="6.885" errors="0" timestamp="2024-08-08T21:08:24 IST">
  <testcase classname="glue.gluewebapp.testcases.LoginTest" name="emptyEmailLoginTest" time="0.27"/>
  <testcase classname="glue.gluewebapp.testcases.LoginTest" name="emptyPasswordLogin" time="0.32"/>
  <testcase classname="glue.gluewebapp.testcases.LoginTest" name="invalidEmailLoginTest" time="0.86"/>
  <testcase classname="glue.gluewebapp.testcases.LoginTest" name="invalidPasswordLoginTest" time="0.899"/>
  <testcase classname="glue.gluewebapp.testcases.LoginTest" name="eyeIconDisabledModeTest" time="0.112"/>
  <testcase classname="glue.gluewebapp.testcases.LoginTest" name="eyeIconEnableModeTest" time="0.178"/>
  <testcase classname="glue.gluewebapp.testcases.LoginTest" name="validLoginScenario" time="1.243"/>
</testsuite> <!-- Default test -->
