<?xml version="1.0" encoding="UTF-8"?>
<!-- Generated by org.testng.reporters.JUnitXMLReporter -->
<testsuite ignored="0" hostname="Praveen-KVs-MacBook-Air.local" failures="0" tests="7" name="ChromeTest" time="63.419" errors="0" timestamp="2024-08-22T00:24:36 IST">
  <testcase classname="glue.gluewebapp.testcases.LoginTest" name="emptyEmailLoginTest" time="7.852"/>
  <testcase classname="glue.gluewebapp.testcases.LoginTest" name="emptyPasswordLogin" time="2.716"/>
  <testcase classname="glue.gluewebapp.testcases.LoginTest" name="invalidEmailLoginTest" time="1.921"/>
  <testcase classname="glue.gluewebapp.testcases.LoginTest" name="invalidPasswordLoginTest" time="1.16"/>
  <testcase classname="glue.gluewebapp.testcases.LoginTest" name="eyeIconDisabledModeTest" time="0.208"/>
  <testcase classname="glue.gluewebapp.testcases.LoginTest" name="eyeIconEnableModeTest" time="0.576"/>
  <testcase classname="glue.gluewebapp.testcases.LoginTest" name="validLoginScenario" time="36.965"/>
</testsuite> <!-- ChromeTest -->
