<?xml version="1.0" encoding="UTF-8"?>
<testng-results ignored="0" total="7" passed="7" failed="0" skipped="0">
  <reporter-output>
  </reporter-output>
  <suite started-at="2024-08-08T21:08:17 IST" name="Default suite" finished-at="2024-08-08T21:08:24 IST" duration-ms="6885">
    <groups>
    </groups>
    <test started-at="2024-08-08T21:08:17 IST" name="Default test" finished-at="2024-08-08T21:08:24 IST" duration-ms="6885">
      <class name="glue.gluewebapp.testcases.LoginTest">
        <test-method is-config="true" signature="initialize()[pri:0, instance:glue.gluewebapp.testcases.LoginTest@2e6a8155]" started-at="2024-08-08T21:08:15 IST" name="initialize" finished-at="2024-08-08T21:08:17 IST" duration-ms="2496" status="PASS">
          <reporter-output>
          </reporter-output>
        </test-method> <!-- initialize -->
        <test-method is-config="true" signature="intitialize()[pri:0, instance:glue.gluewebapp.testcases.LoginTest@2e6a8155]" started-at="2024-08-08T21:08:17 IST" name="intitialize" finished-at="2024-08-08T21:08:17 IST" duration-ms="22" status="PASS">
          <reporter-output>
          </reporter-output>
        </test-method> <!-- intitialize -->
        <test-method is-config="true" signature="clearFields()[pri:0, instance:glue.gluewebapp.testcases.LoginTest@2e6a8155]" started-at="2024-08-08T21:08:17 IST" name="clearFields" finished-at="2024-08-08T21:08:18 IST" duration-ms="671" status="PASS">
          <reporter-output>
          </reporter-output>
        </test-method> <!-- clearFields -->
        <test-method signature="emptyEmailLoginTest()[pri:0, instance:glue.gluewebapp.testcases.LoginTest@2e6a8155]" started-at="2024-08-08T21:08:18 IST" name="emptyEmailLoginTest" finished-at="2024-08-08T21:08:18 IST" duration-ms="270" status="PASS">
          <reporter-output>
          </reporter-output>
        </test-method> <!-- emptyEmailLoginTest -->
        <test-method is-config="true" signature="clearFields()[pri:0, instance:glue.gluewebapp.testcases.LoginTest@2e6a8155]" started-at="2024-08-08T21:08:18 IST" name="clearFields" finished-at="2024-08-08T21:08:19 IST" duration-ms="410" status="PASS">
          <reporter-output>
          </reporter-output>
        </test-method> <!-- clearFields -->
        <test-method signature="emptyPasswordLogin()[pri:1, instance:glue.gluewebapp.testcases.LoginTest@2e6a8155]" started-at="2024-08-08T21:08:19 IST" name="emptyPasswordLogin" finished-at="2024-08-08T21:08:19 IST" duration-ms="320" status="PASS">
          <reporter-output>
          </reporter-output>
        </test-method> <!-- emptyPasswordLogin -->
        <test-method is-config="true" signature="clearFields()[pri:0, instance:glue.gluewebapp.testcases.LoginTest@2e6a8155]" started-at="2024-08-08T21:08:19 IST" name="clearFields" finished-at="2024-08-08T21:08:19 IST" duration-ms="376" status="PASS">
          <reporter-output>
          </reporter-output>
        </test-method> <!-- clearFields -->
        <test-method signature="invalidEmailLoginTest()[pri:2, instance:glue.gluewebapp.testcases.LoginTest@2e6a8155]" started-at="2024-08-08T21:08:19 IST" name="invalidEmailLoginTest" finished-at="2024-08-08T21:08:20 IST" duration-ms="860" status="PASS">
          <reporter-output>
          </reporter-output>
        </test-method> <!-- invalidEmailLoginTest -->
        <test-method is-config="true" signature="clearFields()[pri:0, instance:glue.gluewebapp.testcases.LoginTest@2e6a8155]" started-at="2024-08-08T21:08:20 IST" name="clearFields" finished-at="2024-08-08T21:08:20 IST" duration-ms="349" status="PASS">
          <reporter-output>
          </reporter-output>
        </test-method> <!-- clearFields -->
        <test-method signature="invalidPasswordLoginTest()[pri:3, instance:glue.gluewebapp.testcases.LoginTest@2e6a8155]" started-at="2024-08-08T21:08:20 IST" name="invalidPasswordLoginTest" finished-at="2024-08-08T21:08:21 IST" duration-ms="899" status="PASS">
          <reporter-output>
          </reporter-output>
        </test-method> <!-- invalidPasswordLoginTest -->
        <test-method is-config="true" signature="clearFields()[pri:0, instance:glue.gluewebapp.testcases.LoginTest@2e6a8155]" started-at="2024-08-08T21:08:21 IST" name="clearFields" finished-at="2024-08-08T21:08:22 IST" duration-ms="404" status="PASS">
          <reporter-output>
          </reporter-output>
        </test-method> <!-- clearFields -->
        <test-method signature="eyeIconDisabledModeTest()[pri:4, instance:glue.gluewebapp.testcases.LoginTest@2e6a8155]" started-at="2024-08-08T21:08:22 IST" name="eyeIconDisabledModeTest" finished-at="2024-08-08T21:08:22 IST" duration-ms="112" status="PASS">
          <reporter-output>
          </reporter-output>
        </test-method> <!-- eyeIconDisabledModeTest -->
        <test-method is-config="true" signature="clearFields()[pri:0, instance:glue.gluewebapp.testcases.LoginTest@2e6a8155]" started-at="2024-08-08T21:08:22 IST" name="clearFields" finished-at="2024-08-08T21:08:22 IST" duration-ms="364" status="PASS">
          <reporter-output>
          </reporter-output>
        </test-method> <!-- clearFields -->
        <test-method signature="eyeIconEnableModeTest()[pri:5, instance:glue.gluewebapp.testcases.LoginTest@2e6a8155]" started-at="2024-08-08T21:08:22 IST" name="eyeIconEnableModeTest" finished-at="2024-08-08T21:08:22 IST" duration-ms="178" status="PASS">
          <reporter-output>
          </reporter-output>
        </test-method> <!-- eyeIconEnableModeTest -->
        <test-method is-config="true" signature="clearFields()[pri:0, instance:glue.gluewebapp.testcases.LoginTest@2e6a8155]" started-at="2024-08-08T21:08:22 IST" name="clearFields" finished-at="2024-08-08T21:08:23 IST" duration-ms="371" status="PASS">
          <reporter-output>
          </reporter-output>
        </test-method> <!-- clearFields -->
        <test-method signature="validLoginScenario()[pri:6, instance:glue.gluewebapp.testcases.LoginTest@2e6a8155]" started-at="2024-08-08T21:08:23 IST" name="validLoginScenario" finished-at="2024-08-08T21:08:24 IST" duration-ms="1243" status="PASS">
          <reporter-output>
          </reporter-output>
        </test-method> <!-- validLoginScenario -->
      </class> <!-- glue.gluewebapp.testcases.LoginTest -->
    </test> <!-- Default test -->
  </suite> <!-- Default suite -->
</testng-results>
